<?xml version="1.0" encoding="UTF-8"?>
<!-- Generated by org.testng.reporters.JUnitReportReporter -->
<testsuite hostname="5CG85080BM" name="com.cucumber.uvs.ecom.test.runner.AppianRunner" tests="1" failures="0" timestamp="14 Mar 2019 02:18:02 GMT" time="25.402" errors="0">
  <testcase name="feature" time="25.402" classname="com.cucumber.uvs.ecom.test.runner.AppianRunner"/>
</testsuite> <!-- com.cucumber.uvs.ecom.test.runner.AppianRunner -->
