<?xml version="1.0" encoding="UTF-8"?>
<!-- Generated by org.testng.reporters.JUnitReportReporter -->
<testsuite hostname="5CG85080BM" name="com.cucumber.uvs.ecom.test.runner.ExportAPIRunner" tests="1" failures="0" timestamp="4 Apr 2019 03:06:43 GMT" time="4.043" errors="0">
  <testcase name="feature" time="4.043" classname="com.cucumber.uvs.ecom.test.runner.ExportAPIRunner"/>
</testsuite> <!-- com.cucumber.uvs.ecom.test.runner.ExportAPIRunner -->
