<?xml version="1.0" encoding="UTF-8"?>
<!-- Generated by org.testng.reporters.JUnitReportReporter -->
<testsuite hostname="5CG85080BM" name="com.cucumber.uvs.ecom.test.runner.UVSTestRunner" tests="1" failures="0" timestamp="7 Mar 2019 01:17:49 GMT" time="12.348" errors="0">
  <testcase name="feature" time="12.348" classname="com.cucumber.uvs.ecom.test.runner.UVSTestRunner"/>
</testsuite> <!-- com.cucumber.uvs.ecom.test.runner.UVSTestRunner -->
